<?xml version="1.0" encoding="UTF-8"?>
<!-- Generated by org.testng.reporters.JUnitReportReporter -->
<testsuite hostname="DESKTOP-P256BFU" failures="0" tests="1" name="in.preschool.teststeps.TestRunner" time="73.851" errors="0" timestamp="2023-09-15T19:03:40 IST" skipped="0">
  <testcase classname="in.preschool.teststeps.TestRunner" name="runScenario" time="73.851"/>
</testsuite> <!-- in.preschool.teststeps.TestRunner -->
